Oct-24 11:30:34.600 [main] DEBUG nextflow.cli.Launcher - $> nextflow run main.nf
Oct-24 11:30:34.682 [main] DEBUG nextflow.cli.CmdRun - N E X T F L O W  ~  version 25.10.0
Oct-24 11:30:35.518 [main] DEBUG nextflow.config.ConfigBuilder - Found config local: /Users/hrklein/Desktop/nf-cancer-variant-demo/nextflow.config
Oct-24 11:30:35.522 [main] DEBUG nextflow.config.ConfigBuilder - Parsing config file: /Users/hrklein/Desktop/nf-cancer-variant-demo/nextflow.config
Oct-24 11:30:35.557 [main] DEBUG nextflow.config.ConfigBuilder - Applying config profile: `standard`
Oct-24 11:30:36.173 [main] DEBUG nextflow.plugin.PluginsFacade - Setting up plugin manager > mode=prod; embedded=false; plugins-dir=/Users/hrklein/.nextflow/plugins; core-plugins: nf-amazon@3.4.1,nf-azure@1.20.2,nf-cloudcache@0.5.0,nf-codecommit@0.5.0,nf-console@1.3.0,nf-google@1.23.3,nf-k8s@1.2.2,nf-tower@1.17.1,nf-wave@1.16.1
Oct-24 11:30:36.189 [main] INFO  o.pf4j.DefaultPluginStatusProvider - Enabled plugins: []
Oct-24 11:30:36.191 [main] INFO  o.pf4j.DefaultPluginStatusProvider - Disabled plugins: []
Oct-24 11:30:36.194 [main] INFO  org.pf4j.DefaultPluginManager - PF4J version 3.12.0 in 'deployment' mode
Oct-24 11:30:36.213 [main] DEBUG nextflow.util.RetryConfig - Missing nextflow session - using default retry config
Oct-24 11:30:36.468 [main] INFO  org.pf4j.AbstractPluginManager - No plugins
Oct-24 11:30:36.470 [main] DEBUG nextflow.plugin.PluginsFacade - Plugins default=[]
Oct-24 11:30:36.471 [main] DEBUG nextflow.plugin.PluginsFacade - Plugins resolved requirement=[]
Oct-24 11:30:36.498 [main] DEBUG n.secret.LocalSecretsProvider - Secrets store: /Users/hrklein/.nextflow/secrets/store.json
Oct-24 11:30:36.502 [main] DEBUG nextflow.secret.SecretsLoader - Discovered secrets providers: [nextflow.secret.LocalSecretsProvider@2b4b96a4] - activable => nextflow.secret.LocalSecretsProvider@2b4b96a4
Oct-24 11:30:36.518 [main] DEBUG nextflow.cli.CmdRun - Applied DSL=2 from script declaration
Oct-24 11:30:36.541 [main] DEBUG nextflow.cli.CmdRun - Launching `main.nf` [cheesy_monod] DSL2 - revision: 24959e3cfc
Oct-24 11:30:36.632 [main] DEBUG nextflow.Session - Session UUID: 1f802f30-e960-4093-8ba9-b9b93d59ffee
Oct-24 11:30:36.633 [main] DEBUG nextflow.Session - Run name: cheesy_monod
Oct-24 11:30:36.633 [main] DEBUG nextflow.Session - Executor pool size: 12
Oct-24 11:30:36.647 [main] DEBUG nextflow.file.FilePorter - File porter settings maxRetries=3; maxTransfers=50; pollTimeout=null
Oct-24 11:30:36.654 [main] DEBUG nextflow.util.ThreadPoolBuilder - Creating thread pool 'FileTransfer' minSize=10; maxSize=36; workQueue=LinkedBlockingQueue[-1]; allowCoreThreadTimeout=false
Oct-24 11:30:37.230 [main] DEBUG nextflow.cli.CmdRun - 
  Version: 25.10.0 build 10289
  Created: 22-10-2025 16:26 UTC (12:26 EDT)
  System: Mac OS X 15.4.1
  Runtime: Groovy 4.0.28 on OpenJDK 64-Bit Server VM 17.0.10+7
  Encoding: UTF-8 (UTF-8)
  Process: 38124@dshrkleinmacport.local [127.0.0.1]
  CPUs: 12 - Mem: 16 GB (314.5 MB) - Swap: 6 GB (753.8 MB)
Oct-24 11:30:37.251 [main] DEBUG nextflow.Session - Work-dir: /Users/hrklein/Desktop/nf-cancer-variant-demo/work [Mac OS X]
Oct-24 11:30:37.271 [main] DEBUG nextflow.executor.ExecutorFactory - Extension executors providers=[]
Oct-24 11:30:37.282 [main] DEBUG nextflow.Session - Observer factory (v2): LinObserverFactory
Oct-24 11:30:37.285 [main] DEBUG nextflow.Session - Observer factory (v2): DefaultObserverFactory
Oct-24 11:30:37.333 [main] DEBUG nextflow.cache.CacheFactory - Using Nextflow cache factory: nextflow.cache.DefaultCacheFactory
Oct-24 11:30:37.349 [main] DEBUG nextflow.util.CustomThreadPool - Creating default thread pool > poolSize: 13; maxThreads: 1000
Oct-24 11:30:37.436 [main] DEBUG nextflow.Session - Session start
Oct-24 11:30:37.630 [main] DEBUG nextflow.script.ScriptRunner - > Launching execution
Oct-24 11:30:37.765 [main] DEBUG nextflow.executor.ExecutorFactory - << taskConfig executor: null
Oct-24 11:30:37.765 [main] DEBUG nextflow.executor.ExecutorFactory - >> processorType: 'local'
Oct-24 11:30:37.775 [main] DEBUG nextflow.executor.Executor - [warm up] executor > local
Oct-24 11:30:37.782 [main] DEBUG n.processor.LocalPollingMonitor - Creating local task monitor for executor 'local' > cpus=12; memory=16 GB; capacity=12; pollInterval=100ms; dumpInterval=5m
Oct-24 11:30:37.785 [main] DEBUG n.processor.TaskPollingMonitor - >>> barrier register (monitor: local)
Oct-24 11:30:37.810 [main] DEBUG nextflow.processor.TaskProcessor - Creating process 'QC': maxForks=0; fair=false; array=0
Oct-24 11:30:37.862 [main] DEBUG nextflow.Session - Workflow process names [dsl2]: QC
Oct-24 11:30:37.865 [main] DEBUG nextflow.Session - Igniting dataflow network (2)
Oct-24 11:30:37.871 [main] DEBUG nextflow.processor.TaskProcessor - Starting process > QC
Oct-24 11:30:37.872 [main] DEBUG nextflow.script.ScriptRunner - Parsed script files:
  Script_993c382719f7f6de: /Users/hrklein/Desktop/nf-cancer-variant-demo/main.nf
Oct-24 11:30:37.873 [main] DEBUG nextflow.script.ScriptRunner - > Awaiting termination 
Oct-24 11:30:37.873 [main] DEBUG nextflow.Session - Session await
Oct-24 11:30:37.874 [PathVisitor-1] DEBUG nextflow.file.PathVisitor - files for syntax: glob; folder: ./data/; pattern: *.fastq.gz; options: [:]
Oct-24 11:30:38.049 [Task submitter] DEBUG n.executor.local.LocalTaskHandler - Launch cmd line: /bin/bash -ue .command.run
Oct-24 11:30:38.052 [Task submitter] INFO  nextflow.Session - [fd/b3d92d] Submitted process > QC (1)
Oct-24 11:30:38.331 [Task monitor] DEBUG n.processor.TaskPollingMonitor - Task completed > TaskHandler[id: 1; name: QC (1); status: COMPLETED; exit: 0; error: -; workDir: /Users/hrklein/Desktop/nf-cancer-variant-demo/work/fd/b3d92d260f6b8e7b2aa420bd6a18bb]
Oct-24 11:30:38.332 [Task monitor] DEBUG nextflow.util.ThreadPoolBuilder - Creating thread pool 'TaskFinalizer' minSize=10; maxSize=36; workQueue=LinkedBlockingQueue[-1]; allowCoreThreadTimeout=false
Oct-24 11:30:38.385 [TaskFinalizer-1] DEBUG nextflow.util.ThreadPoolBuilder - Creating thread pool 'PublishDir' minSize=10; maxSize=36; workQueue=LinkedBlockingQueue[-1]; allowCoreThreadTimeout=false
Oct-24 11:30:38.393 [main] DEBUG nextflow.Session - Session await > all processes finished
Oct-24 11:30:38.430 [Task monitor] DEBUG n.processor.TaskPollingMonitor - <<< barrier arrives (monitor: local) - terminating tasks monitor poll loop
Oct-24 11:30:38.430 [main] DEBUG nextflow.Session - Session await > all barriers passed
Oct-24 11:30:38.433 [main] DEBUG nextflow.util.ThreadPoolManager - Thread pool 'TaskFinalizer' shutdown completed (hard=false)
Oct-24 11:30:38.433 [main] DEBUG nextflow.util.ThreadPoolManager - Thread pool 'PublishDir' shutdown completed (hard=false)
Oct-24 11:30:38.444 [main] DEBUG n.trace.WorkflowStatsObserver - Workflow completed > WorkflowStats[succeededCount=1; failedCount=0; ignoredCount=0; cachedCount=0; pendingCount=0; submittedCount=0; runningCount=0; retriesCount=0; abortedCount=0; succeedDuration=226ms; failedDuration=0ms; cachedDuration=0ms;loadCpus=0; loadMemory=0; peakRunning=1; peakCpus=1; peakMemory=2 GB; ]
Oct-24 11:30:38.504 [main] DEBUG nextflow.cache.CacheDB - Closing CacheDB done
Oct-24 11:30:38.524 [main] DEBUG nextflow.util.ThreadPoolManager - Thread pool 'FileTransfer' shutdown completed (hard=false)
Oct-24 11:30:38.526 [main] DEBUG nextflow.script.ScriptRunner - > Execution complete -- Goodbye
